This is pdfTeX, Version 3.1415926-1.40.10 (TeX Live 2009/Debian) (format=pdflatex 2011.6.19)  11 MAY 2012 08:12
entering extended mode
 %&-line parsing enabled.
**abstract.tex
(./abstract.tex
LaTeX2e <2009/09/24>
Babel <v3.8l> and hyphenation patterns for english, usenglishmax, dumylang, noh
yphenation, loaded.
(./gts2012.cls
Document Class: gts2012 
(/usr/share/texmf-texlive/tex/latex/base/article.cls
Document Class: article 2007/10/19 v1.4h Standard LaTeX document class
(/usr/share/texmf-texlive/tex/latex/base/size10.clo
File: size10.clo 2007/10/19 v1.4h Standard LaTeX file (size option)
)
\c@part=\count79
\c@section=\count80
\c@subsection=\count81
\c@subsubsection=\count82
\c@paragraph=\count83
\c@subparagraph=\count84
\c@figure=\count85
\c@table=\count86
\abovecaptionskip=\skip41
\belowcaptionskip=\skip42
\bibindent=\dimen102
)
(/usr/share/texmf-texlive/tex/latex/tools/theorem.sty
Package: theorem 1995/11/23 v2.2c Theorem extension package (FMi)
\theorem@style=\toks14
\theorem@bodyfont=\toks15
\theorempreskipamount=\skip43
\theorempostskipamount=\skip44

(/usr/share/texmf-texlive/tex/latex/tools/thp.sty
File: thp.sty 1995/11/23 v2.2c Theorem extension package (FMi)
))
(/usr/share/texmf-texlive/tex/latex/graphics/graphicx.sty
Package: graphicx 1999/02/16 v1.0f Enhanced LaTeX Graphics (DPC,SPQR)

(/usr/share/texmf-texlive/tex/latex/graphics/keyval.sty
Package: keyval 1999/03/16 v1.13 key=value parser (DPC)
\KV@toks@=\toks16
)
(/usr/share/texmf-texlive/tex/latex/graphics/graphics.sty
Package: graphics 2009/02/05 v1.0o Standard LaTeX Graphics (DPC,SPQR)

(/usr/share/texmf-texlive/tex/latex/graphics/trig.sty
Package: trig 1999/03/16 v1.09 sin cos tan (DPC)
)
(/etc/texmf/tex/latex/config/graphics.cfg
File: graphics.cfg 2009/08/28 v1.8 graphics configuration of TeX Live
)
Package graphics Info: Driver file: pdftex.def on input line 91.

(/usr/share/texmf-texlive/tex/latex/pdftex-def/pdftex.def
File: pdftex.def 2010/03/12 v0.04p Graphics/color for pdfTeX
\Gread@gobject=\count87
))
\Gin@req@height=\dimen103
\Gin@req@width=\dimen104
)
(/usr/share/texmf-texlive/tex/latex/amsfonts/amssymb.sty
Package: amssymb 2009/06/22 v3.00

(/usr/share/texmf-texlive/tex/latex/amsfonts/amsfonts.sty
Package: amsfonts 2009/06/22 v3.00 Basic AMSFonts support
\@emptytoks=\toks17
\symAMSa=\mathgroup4
\symAMSb=\mathgroup5
LaTeX Font Info:    Overwriting math alphabet `\mathfrak' in version `bold'
(Font)                  U/euf/m/n --> U/euf/b/n on input line 96.
))
(/usr/share/texmf-texlive/tex/latex/amsmath/amsmath.sty
Package: amsmath 2000/07/18 v2.13 AMS math features
\@mathmargin=\skip45

For additional information on amsmath, use the `?' option.
(/usr/share/texmf-texlive/tex/latex/amsmath/amstext.sty
Package: amstext 2000/06/29 v2.01

(/usr/share/texmf-texlive/tex/latex/amsmath/amsgen.sty
File: amsgen.sty 1999/11/30 v2.0
\@emptytoks=\toks18
\ex@=\dimen105
))
(/usr/share/texmf-texlive/tex/latex/amsmath/amsbsy.sty
Package: amsbsy 1999/11/29 v1.2d
\pmbraise@=\dimen106
)
(/usr/share/texmf-texlive/tex/latex/amsmath/amsopn.sty
Package: amsopn 1999/12/14 v2.01 operator names
)
\inf@bad=\count88
LaTeX Info: Redefining \frac on input line 211.
\uproot@=\count89
\leftroot@=\count90
LaTeX Info: Redefining \overline on input line 307.
\classnum@=\count91
\DOTSCASE@=\count92
LaTeX Info: Redefining \ldots on input line 379.
LaTeX Info: Redefining \dots on input line 382.
LaTeX Info: Redefining \cdots on input line 467.
\Mathstrutbox@=\box26
\strutbox@=\box27
\big@size=\dimen107
LaTeX Font Info:    Redeclaring font encoding OML on input line 567.
LaTeX Font Info:    Redeclaring font encoding OMS on input line 568.
\macc@depth=\count93
\c@MaxMatrixCols=\count94
\dotsspace@=\muskip10
\c@parentequation=\count95
\dspbrk@lvl=\count96
\tag@help=\toks19
\row@=\count97
\column@=\count98
\maxfields@=\count99
\andhelp@=\toks20
\eqnshift@=\dimen108
\alignsep@=\dimen109
\tagshift@=\dimen110
\tagwidth@=\dimen111
\totwidth@=\dimen112
\lineht@=\dimen113
\@envbody=\toks21
\multlinegap=\skip46
\multlinetaggap=\skip47
\mathdisplay@stack=\toks22
LaTeX Info: Redefining \[ on input line 2666.
LaTeX Info: Redefining \] on input line 2667.
)
(/usr/share/texmf-texlive/tex/latex/fancyhdr/fancyhdr.sty
\fancy@headwidth=\skip48
\f@ncyO@elh=\skip49
\f@ncyO@erh=\skip50
\f@ncyO@olh=\skip51
\f@ncyO@orh=\skip52
\f@ncyO@elf=\skip53
\f@ncyO@erf=\skip54
\f@ncyO@olf=\skip55
\f@ncyO@orf=\skip56
)
\c@theorem=\count100
\c@invar=\count101
\c@obs=\count102
\c@conj=\count103
\c@defini=\count104
)
(/usr/share/texmf-texlive/tex/latex/ltxmisc/url.sty
\Urlmuskip=\muskip11
Package: url 2006/04/12  ver 3.3  Verb mode for urls, etc.
)
(/usr/share/texmf-texlive/tex/latex/tools/xspace.sty
Package: xspace 2006/05/08 v1.12 Space after command names (DPC,MH)
) (./abstract.aux)
\openout1 = `abstract.aux'.

LaTeX Font Info:    Checking defaults for OML/cmm/m/it on input line 45.
LaTeX Font Info:    ... okay on input line 45.
LaTeX Font Info:    Checking defaults for T1/cmr/m/n on input line 45.
LaTeX Font Info:    ... okay on input line 45.
LaTeX Font Info:    Checking defaults for OT1/cmr/m/n on input line 45.
LaTeX Font Info:    ... okay on input line 45.
LaTeX Font Info:    Checking defaults for OMS/cmsy/m/n on input line 45.
LaTeX Font Info:    ... okay on input line 45.
LaTeX Font Info:    Checking defaults for OMX/cmex/m/n on input line 45.
LaTeX Font Info:    ... okay on input line 45.
LaTeX Font Info:    Checking defaults for U/cmr/m/n on input line 45.
LaTeX Font Info:    ... okay on input line 45.

(/usr/share/texmf-texlive/tex/context/base/supp-pdf.mkii
[Loading MPS to PDF converter (version 2006.09.02).]
\scratchcounter=\count105
\scratchdimen=\dimen114
\scratchbox=\box28
\nofMPsegments=\count106
\nofMParguments=\count107
\everyMPshowfont=\toks23
\MPscratchCnt=\count108
\MPscratchDim=\dimen115
\MPnumerator=\count109
\everyMPtoPDFconversion=\toks24
)
LaTeX Font Info:    Try loading font information for U+msa on input line 46.
 (/usr/share/texmf-texlive/tex/latex/amsfonts/umsa.fd
File: umsa.fd 2009/06/22 v3.00 AMS symbols A
)
LaTeX Font Info:    Try loading font information for U+msb on input line 46.

(/usr/share/texmf-texlive/tex/latex/amsfonts/umsb.fd
File: umsb.fd 2009/06/22 v3.00 AMS symbols B
)
LaTeX Font Info:    Try loading font information for OMS+cmr on input line 60.

(/usr/share/texmf-texlive/tex/latex/base/omscmr.fd
File: omscmr.fd 1999/05/25 v2.5h Standard LaTeX font definitions
)
LaTeX Font Info:    Font shape `OMS/cmr/m/n' in size <10> not available
(Font)              Font shape `OMS/cmsy/m/n' tried instead on input line 60.
 [1{/var/lib/texmf/fonts/map/pdftex/updmap/pdftex.map}

]
<images/perripstwo.pdf, id=18, 614.295pt x 572.1375pt>
File: images/perripstwo.pdf Graphic file (type pdf)

<use images/perripstwo.pdf>
<images/perripsthree.pdf, id=19, 614.295pt x 572.1375pt>
File: images/perripsthree.pdf Graphic file (type pdf)

<use images/perripsthree.pdf> [2 <./images/perripstwo.pdf> <./images/perripsthr
ee.pdf>]
Overfull \hbox (30.71109pt too wide) in paragraph at lines 204--205
[]\OT1/cmr/bx/n/10 Add 1-skeleton: \OT1/cmr/m/n/10 The 1-simplex $[\OML/cmm/m/i
t/10 l[]; l[]\OT1/cmr/m/n/10 ]$ is in $[][](\OMS/cmsy/m/n/10 X\OML/cmm/m/it/10 
; r; ^^W\OT1/cmr/m/n/10 )$ iff there ex-ists an $\OML/cmm/m/it/10 x \OMS/cmsy/m
/n/10 2 X$ \OT1/cmr/m/n/10 such that $[](\OML/cmm/m/it/10 d\OT1/cmr/m/n/10 (\OM
L/cmm/m/it/10 l[]; x\OT1/cmr/m/n/10 )\OML/cmm/m/it/10 ; d\OT1/cmr/m/n/10 (\OML/
cmm/m/it/10 l[]; x\OT1/cmr/m/n/10 )) \OMS/cmsy/m/n/10 ^^T
 []

[3] <images/tori_small.png, id=71, 1003.75pt x 176.66pt>
File: images/tori_small.png Graphic file (type png)

<use images/tori_small.png>
<images/barcodes_small.png, id=72, 1003.75pt x 603.25375pt>
File: images/barcodes_small.png Graphic file (type png)

<use images/barcodes_small.png> [4] [5 <./images/tori_small.png (PNG copy)> <./
images/barcodes_small.png (PNG copy)>] [6] (./abstract.aux) ) 
Here is how much of TeX's memory you used:
 2177 strings out of 495061
 25767 string characters out of 1182621
 83659 words of memory out of 3000000
 5327 multiletter control sequences out of 15000+50000
 13252 words of font info for 51 fonts, out of 3000000 for 9000
 28 hyphenation exceptions out of 8191
 34i,13n,45p,719b,358s stack positions out of 5000i,500n,10000p,200000b,50000s
</usr/share/texmf-
texlive/fonts/type1/public/amsfonts/cm/cmbx10.pfb></usr/share/texmf-texlive/fon
ts/type1/public/amsfonts/cm/cmbx8.pfb></usr/share/texmf-texlive/fonts/type1/pub
lic/amsfonts/cm/cmex10.pfb></usr/share/texmf-texlive/fonts/type1/public/amsfont
s/cm/cmmi10.pfb></usr/share/texmf-texlive/fonts/type1/public/amsfonts/cm/cmmi7.
pfb></usr/share/texmf-texlive/fonts/type1/public/amsfonts/cm/cmr10.pfb></usr/sh
are/texmf-texlive/fonts/type1/public/amsfonts/cm/cmr5.pfb></usr/share/texmf-tex
live/fonts/type1/public/amsfonts/cm/cmr7.pfb></usr/share/texmf-texlive/fonts/ty
pe1/public/amsfonts/cm/cmr8.pfb></usr/share/texmf-texlive/fonts/type1/public/am
sfonts/cm/cmr9.pfb></usr/share/texmf-texlive/fonts/type1/public/amsfonts/cm/cms
s10.pfb></usr/share/texmf-texlive/fonts/type1/public/amsfonts/cm/cmss8.pfb></us
r/share/texmf-texlive/fonts/type1/public/amsfonts/cm/cmssbx10.pfb></usr/share/t
exmf-texlive/fonts/type1/public/amsfonts/cm/cmsy10.pfb></usr/share/texmf-texliv
e/fonts/type1/public/amsfonts/cm/cmsy6.pfb></usr/share/texmf-texlive/fonts/type
1/public/amsfonts/cm/cmsy7.pfb></usr/share/texmf-texlive/fonts/type1/public/ams
fonts/cm/cmti10.pfb></usr/share/texmf-texlive/fonts/type1/public/amsfonts/cm/cm
ti8.pfb></usr/share/texmf-texlive/fonts/type1/public/amsfonts/cm/cmtt10.pfb></u
sr/share/texmf-texlive/fonts/type1/public/amsfonts/cm/cmtt8.pfb></usr/share/tex
mf-texlive/fonts/type1/public/amsfonts/cm/cmtt9.pfb></usr/share/texmf-texlive/f
onts/type1/public/amsfonts/symbols/msbm10.pfb>
Output written on abstract.pdf (6 pages, 1077409 bytes).
PDF statistics:
 151 PDF objects out of 1000 (max. 8388607)
 0 named destinations out of 1000 (max. 500000)
 21 words of extra memory for PDF output out of 10000 (max. 10000000)

